InvalidEntry: {
  "status": 422,
  "statusText": "Unprocessable Entity",
  "message": "Validation error",
  "details": {
    "errors": [
      {
        "name": "required",
        "path": [
          "fields",
          "descriptionLong"
        ],
        "details": "The property \"descriptionLong\" is required here"
      }
    ]
  },
  "request": {
    "url": "https://api.contentful.com/spaces/j2bkpry69ktm/environments/dev/entries/4wZEVTk6d4yG8H0ard3PPU/published",
    "headers": {
      "Accept": "application/json, text/plain, */*",
      "Content-Type": "application/vnd.contentful.management.v1+json",
      "X-Contentful-User-Agent": "app contentful.cli/3.3.2; feature space-migration; sdk contentful-management-plain.js/11.27.0; platform node.js/v22.3.0; os macOS/v22.3.0;",
      "CF-Sequence": "f66dade7-4776-4bb9-b255-96d90527af76",
      "Authorization": "Bearer ...WRTVc",
      "X-Contentful-Version": "44",
      "X-Contentful-Content-Type": "job",
      "User-Agent": "axios/1.7.1",
      "Accept-Encoding": "gzip, compress, deflate, br"
    },
    "method": "put"
  },
  "requestId": "2f24b0d5-f7fd-429b-90f5-eb5157de9280"
}
    at errorHandler (/opt/homebrew/Cellar/contentful-cli/3.3.2/libexec/lib/node_modules/contentful-cli/node_modules/contentful-management/dist/contentful-management.node.js:17257:15)
    at process.processTicksAndRejections (node:internal/process/task_queues:95:5)
    at async RestAdapter.makeRequest (/opt/homebrew/Cellar/contentful-cli/3.3.2/libexec/lib/node_modules/contentful-cli/node_modules/contentful-management/dist/contentful-management.node.js:4162:12)
    at async Task.task (/opt/homebrew/Cellar/contentful-cli/3.3.2/libexec/lib/node_modules/contentful-cli/node_modules/contentful-migration/built/bin/cli.js:189:29)
    at async Task.run (/opt/homebrew/Cellar/contentful-cli/3.3.2/libexec/lib/node_modules/contentful-cli/node_modules/listr2/dist/lib/task.js:213:21)
    at async /opt/homebrew/Cellar/contentful-cli/3.3.2/libexec/lib/node_modules/contentful-cli/node_modules/listr2/node_modules/p-map/index.js:57:22InvalidEntry: {
  "status": 422,
  "statusText": "Unprocessable Entity",
  "message": "Validation error",
  "details": {
    "errors": [
      {
        "name": "required",
        "path": [
          "fields",
          "descriptionLong"
        ],
        "details": "The property \"descriptionLong\" is required here"
      }
    ]
  },
  "request": {
    "url": "https://api.contentful.com/spaces/j2bkpry69ktm/environments/dev/entries/6lM9hldyoJNdBX53nRjmyB/published",
    "headers": {
      "Accept": "application/json, text/plain, */*",
      "Content-Type": "application/vnd.contentful.management.v1+json",
      "X-Contentful-User-Agent": "app contentful.cli/3.3.2; feature space-migration; sdk contentful-management-plain.js/11.27.0; platform node.js/v22.3.0; os macOS/v22.3.0;",
      "CF-Sequence": "f66dade7-4776-4bb9-b255-96d90527af76",
      "Authorization": "Bearer ...WRTVc",
      "X-Contentful-Version": "22",
      "X-Contentful-Content-Type": "job",
      "User-Agent": "axios/1.7.1",
      "Accept-Encoding": "gzip, compress, deflate, br"
    },
    "method": "put"
  },
  "requestId": "1225d0d3-9e96-4561-a137-88d7a21e2847"
}
    at errorHandler (/opt/homebrew/Cellar/contentful-cli/3.3.2/libexec/lib/node_modules/contentful-cli/node_modules/contentful-management/dist/contentful-management.node.js:17257:15)
    at process.processTicksAndRejections (node:internal/process/task_queues:95:5)
    at async RestAdapter.makeRequest (/opt/homebrew/Cellar/contentful-cli/3.3.2/libexec/lib/node_modules/contentful-cli/node_modules/contentful-management/dist/contentful-management.node.js:4162:12)
    at async Task.task (/opt/homebrew/Cellar/contentful-cli/3.3.2/libexec/lib/node_modules/contentful-cli/node_modules/contentful-migration/built/bin/cli.js:189:29)
    at async Task.run (/opt/homebrew/Cellar/contentful-cli/3.3.2/libexec/lib/node_modules/contentful-cli/node_modules/listr2/dist/lib/task.js:213:21)
    at async /opt/homebrew/Cellar/contentful-cli/3.3.2/libexec/lib/node_modules/contentful-cli/node_modules/listr2/node_modules/p-map/index.js:57:22InvalidEntry: {
  "status": 422,
  "statusText": "Unprocessable Entity",
  "message": "Validation error",
  "details": {
    "errors": [
      {
        "name": "required",
        "path": [
          "fields",
          "descriptionLong"
        ],
        "details": "The property \"descriptionLong\" is required here"
      }
    ]
  },
  "request": {
    "url": "https://api.contentful.com/spaces/j2bkpry69ktm/environments/dev/entries/6dzf7JjYrrkqGQG7bra25p/published",
    "headers": {
      "Accept": "application/json, text/plain, */*",
      "Content-Type": "application/vnd.contentful.management.v1+json",
      "X-Contentful-User-Agent": "app contentful.cli/3.3.2; feature space-migration; sdk contentful-management-plain.js/11.27.0; platform node.js/v22.3.0; os macOS/v22.3.0;",
      "CF-Sequence": "f66dade7-4776-4bb9-b255-96d90527af76",
      "Authorization": "Bearer ...WRTVc",
      "X-Contentful-Version": "60",
      "X-Contentful-Content-Type": "job",
      "User-Agent": "axios/1.7.1",
      "Accept-Encoding": "gzip, compress, deflate, br"
    },
    "method": "put"
  },
  "requestId": "612fb9a2-2463-435f-81a1-7b34001d33bf"
}
    at errorHandler (/opt/homebrew/Cellar/contentful-cli/3.3.2/libexec/lib/node_modules/contentful-cli/node_modules/contentful-management/dist/contentful-management.node.js:17257:15)
    at process.processTicksAndRejections (node:internal/process/task_queues:95:5)
    at async RestAdapter.makeRequest (/opt/homebrew/Cellar/contentful-cli/3.3.2/libexec/lib/node_modules/contentful-cli/node_modules/contentful-management/dist/contentful-management.node.js:4162:12)
    at async Task.task (/opt/homebrew/Cellar/contentful-cli/3.3.2/libexec/lib/node_modules/contentful-cli/node_modules/contentful-migration/built/bin/cli.js:189:29)
    at async Task.run (/opt/homebrew/Cellar/contentful-cli/3.3.2/libexec/lib/node_modules/contentful-cli/node_modules/listr2/dist/lib/task.js:213:21)
    at async /opt/homebrew/Cellar/contentful-cli/3.3.2/libexec/lib/node_modules/contentful-cli/node_modules/listr2/node_modules/p-map/index.js:57:22InvalidEntry: {
  "status": 422,
  "statusText": "Unprocessable Entity",
  "message": "Validation error",
  "details": {
    "errors": [
      {
        "name": "required",
        "path": [
          "fields",
          "descriptionLong"
        ],
        "details": "The property \"descriptionLong\" is required here"
      }
    ]
  },
  "request": {
    "url": "https://api.contentful.com/spaces/j2bkpry69ktm/environments/dev/entries/2xuoPrpivgcTzuTZwtLfp7/published",
    "headers": {
      "Accept": "application/json, text/plain, */*",
      "Content-Type": "application/vnd.contentful.management.v1+json",
      "X-Contentful-User-Agent": "app contentful.cli/3.3.2; feature space-migration; sdk contentful-management-plain.js/11.27.0; platform node.js/v22.3.0; os macOS/v22.3.0;",
      "CF-Sequence": "f66dade7-4776-4bb9-b255-96d90527af76",
      "Authorization": "Bearer ...WRTVc",
      "X-Contentful-Version": "49",
      "X-Contentful-Content-Type": "job",
      "User-Agent": "axios/1.7.1",
      "Accept-Encoding": "gzip, compress, deflate, br"
    },
    "method": "put"
  },
  "requestId": "d5314a1e-e804-4b07-b44a-a35f770fb65d"
}
    at errorHandler (/opt/homebrew/Cellar/contentful-cli/3.3.2/libexec/lib/node_modules/contentful-cli/node_modules/contentful-management/dist/contentful-management.node.js:17257:15)
    at process.processTicksAndRejections (node:internal/process/task_queues:95:5)
    at async RestAdapter.makeRequest (/opt/homebrew/Cellar/contentful-cli/3.3.2/libexec/lib/node_modules/contentful-cli/node_modules/contentful-management/dist/contentful-management.node.js:4162:12)
    at async Task.task (/opt/homebrew/Cellar/contentful-cli/3.3.2/libexec/lib/node_modules/contentful-cli/node_modules/contentful-migration/built/bin/cli.js:189:29)
    at async Task.run (/opt/homebrew/Cellar/contentful-cli/3.3.2/libexec/lib/node_modules/contentful-cli/node_modules/listr2/dist/lib/task.js:213:21)
    at async /opt/homebrew/Cellar/contentful-cli/3.3.2/libexec/lib/node_modules/contentful-cli/node_modules/listr2/node_modules/p-map/index.js:57:22InvalidEntry: {
  "status": 422,
  "statusText": "Unprocessable Entity",
  "message": "Validation error",
  "details": {
    "errors": [
      {
        "name": "required",
        "path": [
          "fields",
          "descriptionLong"
        ],
        "details": "The property \"descriptionLong\" is required here"
      }
    ]
  },
  "request": {
    "url": "https://api.contentful.com/spaces/j2bkpry69ktm/environments/dev/entries/1ONkYUyZHOPRnJEWptsDGf/published",
    "headers": {
      "Accept": "application/json, text/plain, */*",
      "Content-Type": "application/vnd.contentful.management.v1+json",
      "X-Contentful-User-Agent": "app contentful.cli/3.3.2; feature space-migration; sdk contentful-management-plain.js/11.27.0; platform node.js/v22.3.0; os macOS/v22.3.0;",
      "CF-Sequence": "f66dade7-4776-4bb9-b255-96d90527af76",
      "Authorization": "Bearer ...WRTVc",
      "X-Contentful-Version": "100",
      "X-Contentful-Content-Type": "job",
      "User-Agent": "axios/1.7.1",
      "Accept-Encoding": "gzip, compress, deflate, br"
    },
    "method": "put"
  },
  "requestId": "74ad6319-9c43-46a6-8e4c-6e7cdfcedbfd"
}
    at errorHandler (/opt/homebrew/Cellar/contentful-cli/3.3.2/libexec/lib/node_modules/contentful-cli/node_modules/contentful-management/dist/contentful-management.node.js:17257:15)
    at process.processTicksAndRejections (node:internal/process/task_queues:95:5)
    at async RestAdapter.makeRequest (/opt/homebrew/Cellar/contentful-cli/3.3.2/libexec/lib/node_modules/contentful-cli/node_modules/contentful-management/dist/contentful-management.node.js:4162:12)
    at async Task.task (/opt/homebrew/Cellar/contentful-cli/3.3.2/libexec/lib/node_modules/contentful-cli/node_modules/contentful-migration/built/bin/cli.js:189:29)
    at async Task.run (/opt/homebrew/Cellar/contentful-cli/3.3.2/libexec/lib/node_modules/contentful-cli/node_modules/listr2/dist/lib/task.js:213:21)
    at async /opt/homebrew/Cellar/contentful-cli/3.3.2/libexec/lib/node_modules/contentful-cli/node_modules/listr2/node_modules/p-map/index.js:57:22