TypeError: Cannot read properties of undefined (reading 'en-US')
    at EntryTransformAction.transformEntryForLocale (/Users/olivergoetz/Development/novotec/migrations/02-edit-job_description-long.js:19:50)
    at EntryTransformAction.applyTo (/opt/homebrew/Cellar/contentful-cli/3.3.2/libexec/lib/node_modules/contentful-cli/node_modules/contentful-migration/built/lib/action/entry-transform.js:51:58)
    at process.processTicksAndRejections (node:internal/process/task_queues:95:5)
    at async IntentList.applyTo (/opt/homebrew/Cellar/contentful-cli/3.3.2/libexec/lib/node_modules/contentful-cli/node_modules/contentful-migration/built/lib/intent-list/index.js:90:21)
    at async migration (/opt/homebrew/Cellar/contentful-cli/3.3.2/libexec/lib/node_modules/contentful-cli/node_modules/contentful-migration/built/lib/migration-parser.js:158:9)
    at async run (/opt/homebrew/Cellar/contentful-cli/3.3.2/libexec/lib/node_modules/contentful-cli/node_modules/contentful-migration/built/bin/cli.js:135:23)

TypeError: Cannot read properties of undefined (reading 'en-US')
    at EntryTransformAction.transformEntryForLocale (/Users/olivergoetz/Development/novotec/migrations/02-edit-job_description-long.js:19:50)
    at EntryTransformAction.applyTo (/opt/homebrew/Cellar/contentful-cli/3.3.2/libexec/lib/node_modules/contentful-cli/node_modules/contentful-migration/built/lib/action/entry-transform.js:51:58)
    at process.processTicksAndRejections (node:internal/process/task_queues:95:5)
    at async IntentList.applyTo (/opt/homebrew/Cellar/contentful-cli/3.3.2/libexec/lib/node_modules/contentful-cli/node_modules/contentful-migration/built/lib/intent-list/index.js:90:21)
    at async migration (/opt/homebrew/Cellar/contentful-cli/3.3.2/libexec/lib/node_modules/contentful-cli/node_modules/contentful-migration/built/lib/migration-parser.js:158:9)
    at async run (/opt/homebrew/Cellar/contentful-cli/3.3.2/libexec/lib/node_modules/contentful-cli/node_modules/contentful-migration/built/bin/cli.js:135:23)

TypeError: Cannot read properties of undefined (reading 'en-US')
    at EntryTransformAction.transformEntryForLocale (/Users/olivergoetz/Development/novotec/migrations/02-edit-job_description-long.js:19:50)
    at EntryTransformAction.applyTo (/opt/homebrew/Cellar/contentful-cli/3.3.2/libexec/lib/node_modules/contentful-cli/node_modules/contentful-migration/built/lib/action/entry-transform.js:51:58)
    at process.processTicksAndRejections (node:internal/process/task_queues:95:5)
    at async IntentList.applyTo (/opt/homebrew/Cellar/contentful-cli/3.3.2/libexec/lib/node_modules/contentful-cli/node_modules/contentful-migration/built/lib/intent-list/index.js:90:21)
    at async migration (/opt/homebrew/Cellar/contentful-cli/3.3.2/libexec/lib/node_modules/contentful-cli/node_modules/contentful-migration/built/lib/migration-parser.js:158:9)
    at async run (/opt/homebrew/Cellar/contentful-cli/3.3.2/libexec/lib/node_modules/contentful-cli/node_modules/contentful-migration/built/bin/cli.js:135:23)

TypeError: Cannot read properties of undefined (reading 'en-US')
    at EntryTransformAction.transformEntryForLocale (/Users/olivergoetz/Development/novotec/migrations/02-edit-job_description-long.js:19:50)
    at EntryTransformAction.applyTo (/opt/homebrew/Cellar/contentful-cli/3.3.2/libexec/lib/node_modules/contentful-cli/node_modules/contentful-migration/built/lib/action/entry-transform.js:51:58)
    at process.processTicksAndRejections (node:internal/process/task_queues:95:5)
    at async IntentList.applyTo (/opt/homebrew/Cellar/contentful-cli/3.3.2/libexec/lib/node_modules/contentful-cli/node_modules/contentful-migration/built/lib/intent-list/index.js:90:21)
    at async migration (/opt/homebrew/Cellar/contentful-cli/3.3.2/libexec/lib/node_modules/contentful-cli/node_modules/contentful-migration/built/lib/migration-parser.js:158:9)
    at async run (/opt/homebrew/Cellar/contentful-cli/3.3.2/libexec/lib/node_modules/contentful-cli/node_modules/contentful-migration/built/bin/cli.js:135:23)

TypeError: Cannot read properties of undefined (reading 'en-US')
    at EntryTransformAction.transformEntryForLocale (/Users/olivergoetz/Development/novotec/migrations/02-edit-job_description-long.js:19:50)
    at EntryTransformAction.applyTo (/opt/homebrew/Cellar/contentful-cli/3.3.2/libexec/lib/node_modules/contentful-cli/node_modules/contentful-migration/built/lib/action/entry-transform.js:51:58)
    at process.processTicksAndRejections (node:internal/process/task_queues:95:5)
    at async IntentList.applyTo (/opt/homebrew/Cellar/contentful-cli/3.3.2/libexec/lib/node_modules/contentful-cli/node_modules/contentful-migration/built/lib/intent-list/index.js:90:21)
    at async migration (/opt/homebrew/Cellar/contentful-cli/3.3.2/libexec/lib/node_modules/contentful-cli/node_modules/contentful-migration/built/lib/migration-parser.js:158:9)
    at async run (/opt/homebrew/Cellar/contentful-cli/3.3.2/libexec/lib/node_modules/contentful-cli/node_modules/contentful-migration/built/bin/cli.js:135:23)

TypeError: Cannot read properties of undefined (reading 'en-US')
    at EntryTransformAction.transformEntryForLocale (/Users/olivergoetz/Development/novotec/migrations/02-edit-job_description-long.js:19:50)
    at EntryTransformAction.applyTo (/opt/homebrew/Cellar/contentful-cli/3.3.2/libexec/lib/node_modules/contentful-cli/node_modules/contentful-migration/built/lib/action/entry-transform.js:51:58)
    at process.processTicksAndRejections (node:internal/process/task_queues:95:5)
    at async IntentList.applyTo (/opt/homebrew/Cellar/contentful-cli/3.3.2/libexec/lib/node_modules/contentful-cli/node_modules/contentful-migration/built/lib/intent-list/index.js:90:21)
    at async migration (/opt/homebrew/Cellar/contentful-cli/3.3.2/libexec/lib/node_modules/contentful-cli/node_modules/contentful-migration/built/lib/migration-parser.js:158:9)
    at async run (/opt/homebrew/Cellar/contentful-cli/3.3.2/libexec/lib/node_modules/contentful-cli/node_modules/contentful-migration/built/bin/cli.js:135:23)

TypeError: Cannot read properties of undefined (reading 'en-US')
    at EntryTransformAction.transformEntryForLocale (/Users/olivergoetz/Development/novotec/migrations/02-edit-job_description-long.js:19:50)
    at EntryTransformAction.applyTo (/opt/homebrew/Cellar/contentful-cli/3.3.2/libexec/lib/node_modules/contentful-cli/node_modules/contentful-migration/built/lib/action/entry-transform.js:51:58)
    at process.processTicksAndRejections (node:internal/process/task_queues:95:5)
    at async IntentList.applyTo (/opt/homebrew/Cellar/contentful-cli/3.3.2/libexec/lib/node_modules/contentful-cli/node_modules/contentful-migration/built/lib/intent-list/index.js:90:21)
    at async migration (/opt/homebrew/Cellar/contentful-cli/3.3.2/libexec/lib/node_modules/contentful-cli/node_modules/contentful-migration/built/lib/migration-parser.js:158:9)
    at async run (/opt/homebrew/Cellar/contentful-cli/3.3.2/libexec/lib/node_modules/contentful-cli/node_modules/contentful-migration/built/bin/cli.js:135:23)